[2021-11-19T19:51:29.585] [INFO] info - info output
[2021-11-25T18:32:25.603] [INFO] info - info output
[2021-11-25T18:32:25.631] [INFO] info - ****数据库连接成功****
[2021-11-25T23:06:21.136] [INFO] info - info output
[2021-11-25T23:06:21.171] [INFO] info - ****数据库连接成功****
[2021-11-25T23:10:37.895] [INFO] info - info output
[2021-11-25T23:10:37.925] [INFO] info - ****数据库连接成功****
[2021-11-25T23:10:40.502] [INFO] info - info output
[2021-11-25T23:10:40.527] [INFO] info - ****数据库连接成功****
[2021-11-25T23:10:44.801] [INFO] info - info output
[2021-11-25T23:10:44.827] [INFO] info - ****数据库连接成功****
[2021-11-25T23:10:46.641] [INFO] info - info output
[2021-11-25T23:10:46.661] [INFO] info - ****数据库连接成功****
[2021-11-25T23:10:52.782] [INFO] info - info output
[2021-11-25T23:10:52.817] [INFO] info - ****数据库连接成功****
[2021-11-25T23:10:58.526] [INFO] info - info output
[2021-11-25T23:10:58.544] [INFO] info - ****数据库连接成功****
[2021-11-25T23:11:03.359] [INFO] info - info output
[2021-11-25T23:11:03.390] [INFO] info - ****数据库连接成功****
[2021-11-25T23:12:09.060] [INFO] info - info output
[2021-11-25T23:12:09.088] [INFO] info - ****数据库连接成功****
[2021-11-25T23:14:33.945] [INFO] info - info output
[2021-11-25T23:14:33.976] [INFO] info - ****数据库连接成功****
[2021-11-25T23:14:46.736] [INFO] info - info output
[2021-11-25T23:14:46.760] [INFO] info - ****数据库连接成功****
[2021-11-25T23:14:48.992] [INFO] info - info output
[2021-11-25T23:14:49.021] [INFO] info - ****数据库连接成功****
[2021-11-25T23:14:51.483] [INFO] info - info output
[2021-11-25T23:14:51.506] [INFO] info - ****数据库连接成功****
[2021-11-25T23:14:53.588] [INFO] info - info output
[2021-11-25T23:14:53.610] [INFO] info - ****数据库连接成功****
[2021-11-25T23:15:43.209] [INFO] info - info output
[2021-11-25T23:15:43.234] [INFO] info - ****数据库连接成功****
[2021-11-25T23:15:46.784] [INFO] info - info output
[2021-11-25T23:15:46.806] [INFO] info - ****数据库连接成功****
[2021-11-25T23:15:49.695] [INFO] info - info output
[2021-11-25T23:15:49.717] [INFO] info - ****数据库连接成功****
[2021-11-25T23:15:54.514] [INFO] info - info output
[2021-11-25T23:15:54.534] [INFO] info - ****数据库连接成功****
[2021-11-25T23:40:30.474] [INFO] info - info output
[2021-11-25T23:40:30.501] [INFO] info - ****数据库连接成功****
[2021-11-25T23:40:33.822] [INFO] info - info output
[2021-11-25T23:40:33.850] [INFO] info - ****数据库连接成功****
[2021-11-25T23:41:16.743] [INFO] info - info output
[2021-11-25T23:41:16.772] [INFO] info - ****数据库连接成功****
[2021-11-25T23:41:18.471] [INFO] info - info output
[2021-11-25T23:41:18.491] [INFO] info - ****数据库连接成功****
[2021-11-25T23:41:25.597] [INFO] info - info output
[2021-11-25T23:41:25.628] [INFO] info - ****数据库连接成功****
[2021-11-25T23:41:31.861] [INFO] info - info output
[2021-11-25T23:41:31.884] [INFO] info - ****数据库连接成功****
[2021-11-25T23:41:43.521] [INFO] info - info output
[2021-11-25T23:41:43.548] [INFO] info - ****数据库连接成功****
[2021-11-25T23:41:44.841] [INFO] info - info output
[2021-11-25T23:41:44.877] [INFO] info - ****数据库连接成功****
[2021-11-25T23:41:47.996] [INFO] info - info output
[2021-11-25T23:41:48.021] [INFO] info - ****数据库连接成功****
[2021-11-25T23:41:54.659] [INFO] info - info output
[2021-11-25T23:41:54.694] [INFO] info - ****数据库连接成功****
[2021-11-25T23:41:57.081] [INFO] info - info output
[2021-11-25T23:41:57.106] [INFO] info - ****数据库连接成功****
[2021-11-25T23:42:02.737] [INFO] info - info output
[2021-11-25T23:42:02.762] [INFO] info - ****数据库连接成功****
[2021-11-25T23:43:32.376] [INFO] info - info output
[2021-11-25T23:43:32.401] [INFO] info - ****数据库连接成功****
[2021-11-25T23:43:36.260] [INFO] info - info output
[2021-11-25T23:43:36.284] [INFO] info - ****数据库连接成功****
[2021-11-25T23:43:40.666] [INFO] info - info output
[2021-11-25T23:43:40.703] [INFO] info - ****数据库连接成功****
[2021-11-25T23:43:42.520] [INFO] info - info output
[2021-11-25T23:43:42.543] [INFO] info - ****数据库连接成功****
[2021-11-25T23:43:45.792] [INFO] info - info output
[2021-11-25T23:43:45.815] [INFO] info - ****数据库连接成功****
[2021-11-25T23:43:49.427] [INFO] info - info output
[2021-11-25T23:43:49.452] [INFO] info - ****数据库连接成功****
[2021-11-25T23:43:54.655] [INFO] info - info output
[2021-11-25T23:43:54.686] [INFO] info - ****数据库连接成功****
[2021-11-25T23:43:59.279] [INFO] info - info output
[2021-11-25T23:43:59.321] [INFO] info - ****数据库连接成功****
[2021-11-25T23:44:02.633] [INFO] info - info output
[2021-11-25T23:44:02.666] [INFO] info - ****数据库连接成功****
[2021-11-25T23:44:05.289] [INFO] info - info output
[2021-11-25T23:44:05.317] [INFO] info - ****数据库连接成功****
[2021-11-25T23:44:09.796] [INFO] info - info output
[2021-11-25T23:44:09.819] [INFO] info - ****数据库连接成功****
[2021-11-25T23:44:13.281] [INFO] info - info output
[2021-11-25T23:44:13.302] [INFO] info - ****数据库连接成功****
[2021-11-25T23:44:18.292] [INFO] info - info output
[2021-11-25T23:44:18.318] [INFO] info - ****数据库连接成功****
[2021-11-25T23:44:24.610] [INFO] info - info output
[2021-11-25T23:44:24.632] [INFO] info - ****数据库连接成功****
[2021-11-25T23:44:33.127] [INFO] info - info output
[2021-11-25T23:44:33.157] [INFO] info - ****数据库连接成功****
[2021-11-25T23:45:14.813] [INFO] info - get params:{}
[2021-11-25T23:45:14.814] [INFO] info - post params:{"userName":"1111","userPwd":"11111"}
[2021-11-25T23:50:53.829] [INFO] info - get params:{}
[2021-11-25T23:50:53.829] [INFO] info - post params:{"userName":"admin","userPwd":"admin"}
[2021-12-02T21:16:00.306] [INFO] info - info output
[2021-12-02T21:16:00.365] [INFO] info - ****数据库连接成功****
[2021-12-02T21:16:12.538] [INFO] info - get params:{}
[2021-12-02T21:16:12.539] [INFO] info - post params:{"userName":"admin","userPwd":"admin"}
[2021-12-02T21:20:19.040] [INFO] info - get params:{}
[2021-12-02T21:20:19.041] [INFO] info - post params:{"userName":"admin","userPwd":"admin"}
[2021-12-02T21:45:04.811] [INFO] info - get params:{}
[2021-12-02T21:45:04.812] [INFO] info - post params:{}
[2021-12-02T21:45:06.256] [INFO] info - get params:{}
[2021-12-02T21:45:06.257] [INFO] info - post params:{}
[2021-12-02T21:45:07.103] [INFO] info - get params:{}
[2021-12-02T21:45:07.104] [INFO] info - post params:{}
[2021-12-02T21:45:52.303] [INFO] info - get params:{}
[2021-12-02T21:45:52.304] [INFO] info - post params:{}
[2021-12-03T14:19:47.590] [INFO] info - info output
[2021-12-03T14:19:47.638] [INFO] info - ****数据库连接成功****
[2021-12-03T14:21:04.953] [INFO] info - get params:{}
[2021-12-03T14:21:04.954] [INFO] info - post params:{}
[2021-12-03T14:21:04.960] [INFO] info - get params:{}
[2021-12-03T14:21:04.960] [INFO] info - post params:{}
[2021-12-03T14:22:09.468] [INFO] info - get params:{}
[2021-12-03T14:22:09.469] [INFO] info - post params:{}
[2021-12-03T14:22:09.474] [INFO] info - get params:{}
[2021-12-03T14:22:09.475] [INFO] info - post params:{}
[2021-12-03T14:24:12.822] [INFO] info - get params:{}
[2021-12-03T14:24:12.822] [INFO] info - post params:{"userName":"admin","userPwd":"admin"}
[2021-12-03T14:24:12.942] [INFO] info - get params:{}
[2021-12-03T14:24:12.943] [INFO] info - post params:{}
[2021-12-03T14:24:12.948] [INFO] info - get params:{}
[2021-12-03T14:24:12.949] [INFO] info - post params:{}
[2021-12-03T14:29:11.185] [INFO] info - info output
[2021-12-03T14:29:11.203] [INFO] info - ****数据库连接成功****
[2021-12-03T14:29:25.965] [INFO] info - get params:{}
[2021-12-03T14:29:25.966] [INFO] info - post params:{}
[2021-12-03T14:29:25.975] [INFO] info - get params:{}
[2021-12-03T14:29:25.977] [INFO] info - post params:{}
[2021-12-03T14:29:52.009] [INFO] info - get params:{}
[2021-12-03T14:29:52.010] [INFO] info - post params:{}
[2021-12-03T14:29:52.015] [INFO] info - get params:{}
[2021-12-03T14:29:52.016] [INFO] info - post params:{}
[2021-12-03T14:30:19.413] [INFO] info - get params:{}
[2021-12-03T14:30:19.414] [INFO] info - post params:{}
[2021-12-03T14:30:19.419] [INFO] info - get params:{}
[2021-12-03T14:30:19.419] [INFO] info - post params:{}
[2021-12-03T14:30:21.900] [INFO] info - get params:{}
[2021-12-03T14:30:21.901] [INFO] info - post params:{}
[2021-12-03T14:30:21.904] [INFO] info - get params:{}
[2021-12-03T14:30:21.905] [INFO] info - post params:{}
[2021-12-03T14:30:31.296] [INFO] info - get params:{}
[2021-12-03T14:30:31.296] [INFO] info - post params:{}
[2021-12-03T14:30:31.299] [INFO] info - get params:{}
[2021-12-03T14:30:31.300] [INFO] info - post params:{}
[2021-12-03T14:30:34.363] [INFO] info - get params:{}
[2021-12-03T14:30:34.364] [INFO] info - post params:{}
[2021-12-03T14:30:34.367] [INFO] info - get params:{}
[2021-12-03T14:30:34.367] [INFO] info - post params:{}
[2021-12-03T14:30:37.654] [INFO] info - get params:{}
[2021-12-03T14:30:37.655] [INFO] info - post params:{}
[2021-12-03T14:30:37.657] [INFO] info - get params:{}
[2021-12-03T14:30:37.658] [INFO] info - post params:{}
[2021-12-03T14:30:39.613] [INFO] info - get params:{}
[2021-12-03T14:30:39.613] [INFO] info - post params:{}
[2021-12-03T14:30:39.615] [INFO] info - get params:{}
[2021-12-03T14:30:39.615] [INFO] info - post params:{}
[2021-12-03T14:30:48.190] [INFO] info - get params:{}
[2021-12-03T14:30:48.191] [INFO] info - post params:{}
[2021-12-03T14:30:48.194] [INFO] info - get params:{}
[2021-12-03T14:30:48.194] [INFO] info - post params:{}
[2021-12-03T14:30:51.824] [INFO] info - get params:{}
[2021-12-03T14:30:51.825] [INFO] info - post params:{}
[2021-12-03T14:30:51.826] [INFO] info - get params:{}
[2021-12-03T14:30:51.827] [INFO] info - post params:{}
[2021-12-03T14:30:53.687] [INFO] info - get params:{}
[2021-12-03T14:30:53.688] [INFO] info - post params:{}
[2021-12-03T14:30:53.689] [INFO] info - get params:{}
[2021-12-03T14:30:53.690] [INFO] info - post params:{}
[2021-12-03T14:31:22.842] [INFO] info - info output
[2021-12-03T14:31:22.869] [INFO] info - ****数据库连接成功****
[2021-12-03T14:31:25.019] [INFO] info - info output
[2021-12-03T14:31:25.038] [INFO] info - ****数据库连接成功****
[2021-12-03T14:31:33.810] [INFO] info - info output
[2021-12-03T14:31:33.834] [INFO] info - ****数据库连接成功****
[2021-12-03T14:31:34.983] [INFO] info - info output
[2021-12-03T14:31:35.007] [INFO] info - ****数据库连接成功****
[2021-12-03T14:31:38.132] [INFO] info - info output
[2021-12-03T14:31:38.153] [INFO] info - ****数据库连接成功****
[2021-12-03T14:31:39.556] [INFO] info - info output
[2021-12-03T14:31:39.577] [INFO] info - ****数据库连接成功****
[2021-12-03T14:31:45.831] [INFO] info - info output
[2021-12-03T14:31:45.850] [INFO] info - ****数据库连接成功****
[2021-12-03T14:31:52.911] [INFO] info - info output
[2021-12-03T14:31:52.943] [INFO] info - ****数据库连接成功****
[2021-12-03T14:31:56.888] [INFO] info - info output
[2021-12-03T14:31:56.909] [INFO] info - ****数据库连接成功****
[2021-12-03T14:32:00.016] [INFO] info - info output
[2021-12-03T14:32:00.057] [INFO] info - ****数据库连接成功****
[2021-12-03T14:32:04.531] [INFO] info - info output
[2021-12-03T14:32:04.547] [INFO] info - ****数据库连接成功****
[2021-12-03T14:32:05.783] [INFO] info - info output
[2021-12-03T14:32:05.800] [INFO] info - ****数据库连接成功****
[2021-12-03T14:32:13.846] [INFO] info - info output
[2021-12-03T14:32:13.872] [INFO] info - ****数据库连接成功****
[2021-12-03T14:32:15.120] [INFO] info - info output
[2021-12-03T14:32:15.144] [INFO] info - ****数据库连接成功****
[2021-12-03T14:32:23.649] [INFO] info - info output
[2021-12-03T14:32:23.676] [INFO] info - ****数据库连接成功****
[2021-12-03T14:32:25.207] [INFO] info - info output
[2021-12-03T14:32:25.229] [INFO] info - ****数据库连接成功****
[2021-12-03T14:32:27.089] [INFO] info - info output
[2021-12-03T14:32:27.111] [INFO] info - ****数据库连接成功****
[2021-12-03T14:32:28.436] [INFO] info - info output
[2021-12-03T14:32:28.466] [INFO] info - ****数据库连接成功****
[2021-12-03T14:32:31.553] [INFO] info - info output
[2021-12-03T14:32:31.575] [INFO] info - ****数据库连接成功****
[2021-12-03T14:32:42.703] [INFO] info - get params:{}
[2021-12-03T14:32:42.705] [INFO] info - post params:{}
[2021-12-03T14:32:42.714] [INFO] info - get params:{}
[2021-12-03T14:32:42.715] [INFO] info - post params:{}
[2021-12-03T14:33:31.533] [INFO] info - info output
[2021-12-03T14:33:31.554] [INFO] info - ****数据库连接成功****
[2021-12-03T14:33:34.542] [INFO] info - info output
[2021-12-03T14:33:34.563] [INFO] info - ****数据库连接成功****
[2021-12-03T14:33:41.995] [INFO] info - info output
[2021-12-03T14:33:42.028] [INFO] info - ****数据库连接成功****
[2021-12-03T14:33:54.074] [INFO] info - info output
[2021-12-03T14:33:54.098] [INFO] info - ****数据库连接成功****
[2021-12-03T14:33:57.842] [INFO] info - info output
[2021-12-03T14:33:57.862] [INFO] info - ****数据库连接成功****
[2021-12-03T14:36:11.427] [INFO] info - info output
[2021-12-03T14:36:11.445] [INFO] info - ****数据库连接成功****
[2021-12-03T14:36:31.141] [INFO] info - info output
[2021-12-03T14:36:31.158] [INFO] info - ****数据库连接成功****
[2021-12-03T14:36:44.117] [INFO] info - info output
[2021-12-03T14:36:44.150] [INFO] info - ****数据库连接成功****
[2021-12-03T14:36:48.036] [INFO] info - info output
[2021-12-03T14:36:48.059] [INFO] info - ****数据库连接成功****
[2021-12-03T14:36:52.635] [INFO] info - info output
[2021-12-03T14:36:52.652] [INFO] info - ****数据库连接成功****
[2021-12-03T14:36:59.459] [INFO] info - info output
[2021-12-03T14:36:59.491] [INFO] info - ****数据库连接成功****
[2021-12-03T14:37:00.776] [INFO] info - info output
[2021-12-03T14:37:00.807] [INFO] info - ****数据库连接成功****
[2021-12-03T14:37:03.057] [INFO] info - info output
[2021-12-03T14:37:03.074] [INFO] info - ****数据库连接成功****
[2021-12-03T14:37:07.055] [INFO] info - info output
[2021-12-03T14:37:07.079] [INFO] info - ****数据库连接成功****
[2021-12-03T14:37:08.594] [INFO] info - info output
[2021-12-03T14:37:08.619] [INFO] info - ****数据库连接成功****
[2021-12-03T14:37:11.731] [INFO] info - info output
[2021-12-03T14:37:11.752] [INFO] info - ****数据库连接成功****
[2021-12-03T14:37:23.474] [INFO] info - info output
[2021-12-03T14:37:23.502] [INFO] info - ****数据库连接成功****
[2021-12-03T14:37:26.313] [INFO] info - info output
[2021-12-03T14:37:26.336] [INFO] info - ****数据库连接成功****
[2021-12-03T14:37:28.705] [INFO] info - info output
[2021-12-03T14:37:28.724] [INFO] info - ****数据库连接成功****
[2021-12-03T14:37:31.178] [INFO] info - info output
[2021-12-03T14:37:31.200] [INFO] info - ****数据库连接成功****
[2021-12-03T14:37:32.529] [INFO] info - info output
[2021-12-03T14:37:32.550] [INFO] info - ****数据库连接成功****
[2021-12-03T14:37:36.021] [INFO] info - info output
[2021-12-03T14:37:36.055] [INFO] info - ****数据库连接成功****
[2021-12-03T14:37:47.081] [INFO] info - info output
[2021-12-03T14:37:47.103] [INFO] info - ****数据库连接成功****
[2021-12-03T14:37:53.102] [INFO] info - info output
[2021-12-03T14:37:53.120] [INFO] info - ****数据库连接成功****
[2021-12-03T14:38:05.612] [INFO] info - info output
[2021-12-03T14:38:05.694] [INFO] info - ****数据库连接成功****
[2021-12-03T14:38:06.927] [INFO] info - info output
[2021-12-03T14:38:06.953] [INFO] info - ****数据库连接成功****
[2021-12-03T14:38:17.619] [INFO] info - info output
[2021-12-03T14:38:17.644] [INFO] info - ****数据库连接成功****
[2021-12-03T14:38:19.171] [INFO] info - info output
[2021-12-03T14:38:19.193] [INFO] info - ****数据库连接成功****
[2021-12-03T14:38:20.823] [INFO] info - info output
[2021-12-03T14:38:20.849] [INFO] info - ****数据库连接成功****
[2021-12-03T14:38:23.432] [INFO] info - info output
[2021-12-03T14:38:23.449] [INFO] info - ****数据库连接成功****
[2021-12-03T14:38:44.328] [INFO] info - info output
[2021-12-03T14:38:44.350] [INFO] info - ****数据库连接成功****
[2021-12-03T14:41:00.139] [INFO] info - get params:{}
[2021-12-03T14:41:00.140] [INFO] info - post params:{}
[2021-12-03T14:41:00.157] [INFO] info - get params:{}
[2021-12-03T14:41:00.157] [INFO] info - post params:{}
[2021-12-03T14:41:21.367] [INFO] info - get params:{}
[2021-12-03T14:41:21.368] [INFO] info - post params:{"userName":"admin","userPwd":"admin"}
[2021-12-03T14:41:21.414] [INFO] info - get params:{}
[2021-12-03T14:41:21.415] [INFO] info - post params:{}
[2021-12-03T14:41:21.734] [INFO] info - get params:{}
[2021-12-03T14:41:21.735] [INFO] info - post params:{}
[2021-12-03T14:41:45.301] [INFO] info - info output
[2021-12-03T14:41:45.320] [INFO] info - ****数据库连接成功****
[2021-12-03T14:41:46.131] [INFO] info - get params:{}
[2021-12-03T14:41:46.132] [INFO] info - post params:{}
[2021-12-03T14:41:46.151] [INFO] info - get params:{}
[2021-12-03T14:41:46.151] [INFO] info - post params:{}
[2021-12-03T14:41:58.416] [INFO] info - info output
[2021-12-03T14:41:58.452] [INFO] info - ****数据库连接成功****
[2021-12-03T14:41:59.374] [INFO] info - info output
[2021-12-03T14:41:59.396] [INFO] info - ****数据库连接成功****
[2021-12-03T14:42:02.223] [INFO] info - get params:{}
[2021-12-03T14:42:02.224] [INFO] info - post params:{}
[2021-12-03T14:42:02.246] [INFO] info - get params:{}
[2021-12-03T14:42:02.247] [INFO] info - post params:{}
[2021-12-03T14:43:44.778] [INFO] info - info output
[2021-12-03T14:43:44.812] [INFO] info - ****数据库连接成功****
[2021-12-03T14:43:46.214] [INFO] info - info output
[2021-12-03T14:43:46.248] [INFO] info - ****数据库连接成功****
[2021-12-03T14:57:55.405] [INFO] info - info output
[2021-12-03T14:57:55.427] [INFO] info - ****数据库连接成功****
[2021-12-03T14:58:02.003] [INFO] info - get params:{}
[2021-12-03T14:58:02.005] [INFO] info - post params:{}
[2021-12-03T14:58:02.019] [INFO] info - get params:{}
[2021-12-03T14:58:02.020] [INFO] info - post params:{}
[2021-12-03T14:59:05.614] [INFO] info - info output
[2021-12-03T14:59:05.638] [INFO] info - ****数据库连接成功****
[2021-12-03T14:59:08.772] [INFO] info - info output
[2021-12-03T14:59:08.790] [INFO] info - ****数据库连接成功****
[2021-12-03T14:59:10.374] [INFO] info - info output
[2021-12-03T14:59:10.398] [INFO] info - ****数据库连接成功****
[2021-12-03T14:59:39.364] [INFO] info - info output
[2021-12-03T14:59:39.381] [INFO] info - ****数据库连接成功****
[2021-12-03T14:59:46.580] [INFO] info - info output
[2021-12-03T14:59:46.601] [INFO] info - ****数据库连接成功****
[2021-12-03T14:59:50.634] [INFO] info - info output
[2021-12-03T14:59:50.650] [INFO] info - ****数据库连接成功****
[2021-12-03T14:59:53.138] [INFO] info - info output
[2021-12-03T14:59:53.162] [INFO] info - ****数据库连接成功****
[2021-12-03T15:00:03.029] [INFO] info - info output
[2021-12-03T15:00:03.046] [INFO] info - ****数据库连接成功****
[2021-12-03T15:00:05.627] [INFO] info - info output
[2021-12-03T15:00:05.657] [INFO] info - ****数据库连接成功****
[2021-12-03T15:00:06.997] [INFO] info - info output
[2021-12-03T15:00:07.024] [INFO] info - ****数据库连接成功****
[2021-12-03T15:00:13.730] [INFO] info - info output
[2021-12-03T15:00:13.748] [INFO] info - ****数据库连接成功****
[2021-12-03T15:00:16.691] [INFO] info - info output
[2021-12-03T15:00:16.713] [INFO] info - ****数据库连接成功****
[2021-12-03T15:00:19.394] [INFO] info - info output
[2021-12-03T15:00:19.415] [INFO] info - ****数据库连接成功****
[2021-12-03T15:00:25.253] [INFO] info - info output
[2021-12-03T15:00:25.271] [INFO] info - ****数据库连接成功****
[2021-12-03T15:00:36.676] [INFO] info - info output
[2021-12-03T15:00:36.696] [INFO] info - ****数据库连接成功****
[2021-12-03T15:00:40.528] [INFO] info - info output
[2021-12-03T15:00:40.546] [INFO] info - ****数据库连接成功****
[2021-12-03T15:00:42.581] [INFO] info - info output
[2021-12-03T15:00:42.602] [INFO] info - ****数据库连接成功****
[2021-12-03T15:00:53.218] [INFO] info - info output
[2021-12-03T15:00:53.245] [INFO] info - ****数据库连接成功****
[2021-12-03T15:00:57.637] [INFO] info - info output
[2021-12-03T15:00:57.666] [INFO] info - ****数据库连接成功****
[2021-12-03T15:00:59.931] [INFO] info - info output
[2021-12-03T15:00:59.952] [INFO] info - ****数据库连接成功****
[2021-12-03T15:01:03.705] [INFO] info - info output
[2021-12-03T15:01:03.767] [INFO] info - ****数据库连接成功****
[2021-12-03T15:01:06.800] [INFO] info - info output
[2021-12-03T15:01:06.823] [INFO] info - ****数据库连接成功****
[2021-12-03T15:01:10.701] [INFO] info - info output
[2021-12-03T15:01:10.722] [INFO] info - ****数据库连接成功****
[2021-12-03T15:01:15.572] [INFO] info - info output
[2021-12-03T15:01:15.592] [INFO] info - ****数据库连接成功****
[2021-12-03T15:01:18.030] [INFO] info - info output
[2021-12-03T15:01:18.057] [INFO] info - ****数据库连接成功****
[2021-12-03T15:01:21.868] [INFO] info - info output
[2021-12-03T15:01:21.893] [INFO] info - ****数据库连接成功****
[2021-12-03T15:01:24.073] [INFO] info - info output
[2021-12-03T15:01:24.095] [INFO] info - ****数据库连接成功****
[2021-12-03T15:01:26.574] [INFO] info - info output
[2021-12-03T15:01:26.592] [INFO] info - ****数据库连接成功****
[2021-12-03T15:01:28.214] [INFO] info - info output
[2021-12-03T15:01:28.235] [INFO] info - ****数据库连接成功****
[2021-12-03T15:01:29.529] [INFO] info - info output
[2021-12-03T15:01:29.549] [INFO] info - ****数据库连接成功****
[2021-12-03T15:01:41.287] [INFO] info - info output
[2021-12-03T15:01:41.311] [INFO] info - ****数据库连接成功****
[2021-12-03T15:01:42.506] [INFO] info - info output
[2021-12-03T15:01:42.525] [INFO] info - ****数据库连接成功****
[2021-12-03T15:01:45.210] [INFO] info - info output
[2021-12-03T15:01:45.229] [INFO] info - ****数据库连接成功****
[2021-12-03T15:02:10.116] [INFO] info - info output
[2021-12-03T15:02:10.145] [INFO] info - ****数据库连接成功****
[2021-12-03T15:02:20.004] [INFO] info - info output
[2021-12-03T15:02:20.021] [INFO] info - ****数据库连接成功****
[2021-12-03T15:02:31.121] [INFO] info - get params:{}
[2021-12-03T15:02:31.122] [INFO] info - post params:{}
[2021-12-03T15:02:31.132] [INFO] info - get params:{}
[2021-12-03T15:02:31.132] [INFO] info - post params:{}
[2021-12-03T15:04:00.560] [INFO] info - info output
[2021-12-03T15:04:00.587] [INFO] info - ****数据库连接成功****
[2021-12-03T15:04:17.722] [INFO] info - info output
[2021-12-03T15:04:17.739] [INFO] info - ****数据库连接成功****
[2021-12-03T15:04:26.391] [INFO] info - info output
[2021-12-03T15:04:26.413] [INFO] info - ****数据库连接成功****
[2021-12-03T15:04:48.486] [INFO] info - info output
[2021-12-03T15:04:48.503] [INFO] info - ****数据库连接成功****
[2021-12-03T15:05:02.639] [INFO] info - info output
[2021-12-03T15:05:02.656] [INFO] info - ****数据库连接成功****
[2021-12-03T15:05:32.357] [INFO] info - get params:{}
[2021-12-03T15:05:32.358] [INFO] info - post params:{"userName":"admin","userPwd":"admin"}
[2021-12-03T15:05:32.611] [INFO] info - get params:{}
[2021-12-03T15:05:32.612] [INFO] info - post params:{}
[2021-12-03T15:05:32.713] [INFO] info - get params:{}
[2021-12-03T15:05:32.714] [INFO] info - post params:{}
[2021-12-03T15:05:54.528] [INFO] info - info output
[2021-12-03T15:05:54.551] [INFO] info - ****数据库连接成功****
[2021-12-03T15:06:03.167] [INFO] info - info output
[2021-12-03T15:06:03.184] [INFO] info - ****数据库连接成功****
[2021-12-03T15:06:10.696] [INFO] info - get params:{}
[2021-12-03T15:06:10.696] [INFO] info - post params:{"userName":"admin","userPwd":"admin"}
[2021-12-03T15:06:23.071] [INFO] info - info output
[2021-12-03T15:06:23.090] [INFO] info - ****数据库连接成功****
[2021-12-03T15:06:28.197] [INFO] info - get params:{}
[2021-12-03T15:06:28.197] [INFO] info - post params:{"userName":"admin","userPwd":"admin"}
[2021-12-03T15:06:28.287] [INFO] info - get params:{}
[2021-12-03T15:06:28.288] [INFO] info - post params:{}
[2021-12-03T15:06:28.292] [INFO] info - get params:{}
[2021-12-03T15:06:28.293] [INFO] info - post params:{}
[2021-12-03T15:13:20.283] [INFO] info - info output
[2021-12-03T15:13:20.301] [INFO] info - ****数据库连接成功****
[2021-12-03T15:13:26.191] [INFO] info - info output
[2021-12-03T15:13:26.210] [INFO] info - ****数据库连接成功****
[2021-12-03T15:13:32.715] [INFO] info - info output
[2021-12-03T15:13:32.734] [INFO] info - ****数据库连接成功****
[2021-12-03T15:13:40.016] [INFO] info - get params:{}
[2021-12-03T15:13:40.016] [INFO] info - post params:{"userName":"admin","userPwd":"admin"}
[2021-12-03T15:13:40.118] [INFO] info - get params:{}
[2021-12-03T15:13:40.118] [INFO] info - post params:{}
[2021-12-03T15:13:40.427] [INFO] info - get params:{}
[2021-12-03T15:13:40.430] [INFO] info - post params:{}
[2021-12-03T15:13:53.408] [INFO] info - info output
[2021-12-03T15:13:53.435] [INFO] info - ****数据库连接成功****
[2021-12-03T15:13:55.032] [INFO] info - info output
[2021-12-03T15:13:55.052] [INFO] info - ****数据库连接成功****
[2021-12-03T15:14:07.462] [INFO] info - get params:{}
[2021-12-03T15:14:07.463] [INFO] info - post params:{"userName":"admin","userPwd":"admin"}
[2021-12-03T15:14:07.521] [INFO] info - get params:{}
[2021-12-03T15:14:07.521] [INFO] info - post params:{}
[2021-12-03T15:14:07.836] [INFO] info - get params:{}
[2021-12-03T15:14:07.839] [INFO] info - post params:{}
[2021-12-03T15:15:30.844] [INFO] info - info output
[2021-12-03T15:15:30.868] [INFO] info - ****数据库连接成功****
[2021-12-03T15:15:35.095] [INFO] info - info output
[2021-12-03T15:15:35.116] [INFO] info - ****数据库连接成功****
[2021-12-03T15:15:38.034] [INFO] info - info output
[2021-12-03T15:15:38.059] [INFO] info - ****数据库连接成功****
[2021-12-03T15:15:48.108] [INFO] info - info output
[2021-12-03T15:15:48.130] [INFO] info - ****数据库连接成功****
[2021-12-03T15:15:49.328] [INFO] info - info output
[2021-12-03T15:15:49.348] [INFO] info - ****数据库连接成功****
[2021-12-03T15:15:58.151] [INFO] info - info output
[2021-12-03T15:15:58.183] [INFO] info - ****数据库连接成功****
[2021-12-03T15:16:06.591] [INFO] info - info output
[2021-12-03T15:16:06.610] [INFO] info - ****数据库连接成功****
[2021-12-03T15:16:09.590] [INFO] info - info output
[2021-12-03T15:16:09.608] [INFO] info - ****数据库连接成功****
[2021-12-03T15:16:12.275] [INFO] info - info output
[2021-12-03T15:16:12.294] [INFO] info - ****数据库连接成功****
[2021-12-03T15:16:13.985] [INFO] info - info output
[2021-12-03T15:16:14.006] [INFO] info - ****数据库连接成功****
[2021-12-03T15:16:18.000] [INFO] info - info output
[2021-12-03T15:16:18.024] [INFO] info - ****数据库连接成功****
[2021-12-03T15:16:26.573] [INFO] info - info output
[2021-12-03T15:16:26.593] [INFO] info - ****数据库连接成功****
[2021-12-03T15:16:28.734] [INFO] info - info output
[2021-12-03T15:16:28.761] [INFO] info - ****数据库连接成功****
[2021-12-03T15:16:34.513] [INFO] info - info output
[2021-12-03T15:16:34.531] [INFO] info - ****数据库连接成功****
[2021-12-03T15:16:38.732] [INFO] info - info output
[2021-12-03T15:16:38.749] [INFO] info - ****数据库连接成功****
[2021-12-03T15:16:49.253] [INFO] info - info output
[2021-12-03T15:16:49.270] [INFO] info - ****数据库连接成功****
[2021-12-03T15:16:55.947] [INFO] info - info output
[2021-12-03T15:16:55.969] [INFO] info - ****数据库连接成功****
[2021-12-03T15:17:10.186] [INFO] info - get params:{}
[2021-12-03T15:17:10.187] [INFO] info - post params:{"userName":"admin","userPwd":"admin"}
[2021-12-03T15:17:10.453] [INFO] info - get params:{}
[2021-12-03T15:17:10.455] [INFO] info - post params:{}
[2021-12-03T15:17:10.544] [INFO] info - get params:{}
[2021-12-03T15:17:10.545] [INFO] info - post params:{}
[2021-12-03T15:17:30.616] [INFO] info - info output
[2021-12-03T15:17:30.642] [INFO] info - ****数据库连接成功****
[2021-12-03T15:18:05.338] [INFO] info - info output
[2021-12-03T15:18:05.358] [INFO] info - ****数据库连接成功****
[2021-12-03T15:18:07.117] [INFO] info - info output
[2021-12-03T15:18:07.137] [INFO] info - ****数据库连接成功****
[2021-12-03T15:18:08.300] [INFO] info - info output
[2021-12-03T15:18:08.318] [INFO] info - ****数据库连接成功****
[2021-12-03T15:18:10.189] [INFO] info - info output
[2021-12-03T15:18:10.212] [INFO] info - ****数据库连接成功****
[2021-12-03T15:18:13.185] [INFO] info - info output
[2021-12-03T15:18:13.205] [INFO] info - ****数据库连接成功****
[2021-12-03T15:18:23.898] [INFO] info - get params:{}
[2021-12-03T15:18:23.899] [INFO] info - post params:{"userName":"admin","userPwd":"admin"}
[2021-12-03T15:18:24.144] [INFO] info - get params:{}
[2021-12-03T15:18:24.144] [INFO] info - post params:{}
[2021-12-03T15:18:24.264] [INFO] info - get params:{}
[2021-12-03T15:18:24.266] [INFO] info - post params:{}
[2021-12-03T15:18:39.741] [INFO] info - info output
[2021-12-03T15:18:39.770] [INFO] info - ****数据库连接成功****
[2021-12-03T15:18:41.096] [INFO] info - info output
[2021-12-03T15:18:41.117] [INFO] info - ****数据库连接成功****
[2021-12-03T15:18:44.391] [INFO] info - info output
[2021-12-03T15:18:44.410] [INFO] info - ****数据库连接成功****
[2021-12-03T15:19:03.972] [INFO] info - info output
[2021-12-03T15:19:04.000] [INFO] info - ****数据库连接成功****
[2021-12-03T15:19:08.655] [INFO] info - info output
[2021-12-03T15:19:08.674] [INFO] info - ****数据库连接成功****
[2021-12-03T15:19:12.155] [INFO] info - info output
[2021-12-03T15:19:12.175] [INFO] info - ****数据库连接成功****
[2021-12-03T15:19:18.500] [INFO] info - info output
[2021-12-03T15:19:18.519] [INFO] info - ****数据库连接成功****
[2021-12-03T15:19:19.829] [INFO] info - info output
[2021-12-03T15:19:19.847] [INFO] info - ****数据库连接成功****
[2021-12-03T15:19:27.182] [INFO] info - info output
[2021-12-03T15:19:27.208] [INFO] info - ****数据库连接成功****
[2021-12-03T15:19:31.129] [INFO] info - info output
[2021-12-03T15:19:31.147] [INFO] info - ****数据库连接成功****
[2021-12-03T15:19:33.221] [INFO] info - info output
[2021-12-03T15:19:33.244] [INFO] info - ****数据库连接成功****
[2021-12-03T15:19:35.892] [INFO] info - info output
[2021-12-03T15:19:35.911] [INFO] info - ****数据库连接成功****
[2021-12-03T15:19:55.489] [INFO] info - info output
[2021-12-03T15:19:55.509] [INFO] info - ****数据库连接成功****
[2021-12-03T15:20:04.587] [INFO] info - info output
[2021-12-03T15:20:04.608] [INFO] info - ****数据库连接成功****
[2021-12-03T15:20:08.683] [INFO] info - info output
[2021-12-03T15:20:08.707] [INFO] info - ****数据库连接成功****
[2021-12-03T15:20:09.880] [INFO] info - info output
[2021-12-03T15:20:09.926] [INFO] info - ****数据库连接成功****
[2021-12-03T15:20:47.336] [INFO] info - get params:{}
[2021-12-03T15:20:47.337] [INFO] info - post params:{"userName":"admin","userPwd":"admin"}
[2021-12-03T15:20:47.586] [INFO] info - get params:{}
[2021-12-03T15:20:47.586] [INFO] info - post params:{}
[2021-12-03T15:20:47.703] [INFO] info - get params:{}
[2021-12-03T15:20:47.704] [INFO] info - post params:{}
[2021-12-03T15:21:37.762] [INFO] info - info output
[2021-12-03T15:21:37.781] [INFO] info - ****数据库连接成功****
[2021-12-03T15:21:43.814] [INFO] info - info output
[2021-12-03T15:21:43.839] [INFO] info - ****数据库连接成功****
[2021-12-03T15:21:57.554] [INFO] info - get params:{}
[2021-12-03T15:21:57.555] [INFO] info - post params:{"userName":"admin","userPwd":"admin"}
[2021-12-03T15:21:57.781] [INFO] info - get params:{}
[2021-12-03T15:21:57.782] [INFO] info - post params:{}
[2021-12-03T15:21:57.912] [INFO] info - get params:{}
[2021-12-03T15:21:57.913] [INFO] info - post params:{}
[2021-12-04T18:14:39.019] [INFO] info - info output
[2021-12-04T18:14:39.047] [INFO] info - ****数据库连接成功****
[2021-12-04T18:14:41.923] [INFO] info - get params:{}
[2021-12-04T18:14:41.924] [INFO] info - post params:{"userName":"111","userPwd":"111"}
[2021-12-04T18:16:04.938] [INFO] info - get params:{}
[2021-12-04T18:16:04.940] [INFO] info - post params:{"userName":"111","userPwd":"111"}
[2021-12-04T18:16:18.598] [INFO] info - get params:{}
[2021-12-04T18:16:18.598] [INFO] info - post params:{"userName":"admin","userPwd":"admin"}
[2021-12-04T18:16:18.956] [INFO] info - get params:{}
[2021-12-04T18:16:18.956] [INFO] info - post params:{}
[2021-12-04T18:17:03.123] [INFO] info - info output
[2021-12-04T18:17:03.148] [INFO] info - ****数据库连接成功****
[2021-12-04T18:17:06.324] [INFO] info - info output
[2021-12-04T18:17:06.357] [INFO] info - ****数据库连接成功****
[2021-12-04T18:17:16.657] [INFO] info - info output
[2021-12-04T18:17:16.679] [INFO] info - ****数据库连接成功****
[2021-12-04T18:17:25.204] [INFO] info - info output
[2021-12-04T18:17:25.225] [INFO] info - ****数据库连接成功****
[2021-12-04T18:17:29.399] [INFO] info - info output
[2021-12-04T18:17:29.422] [INFO] info - ****数据库连接成功****
[2021-12-04T18:17:30.927] [INFO] info - info output
[2021-12-04T18:17:30.947] [INFO] info - ****数据库连接成功****
[2021-12-04T18:17:33.326] [INFO] info - info output
[2021-12-04T18:17:33.358] [INFO] info - ****数据库连接成功****
[2021-12-04T18:17:36.894] [INFO] info - info output
[2021-12-04T18:17:36.917] [INFO] info - ****数据库连接成功****
[2021-12-04T18:17:41.124] [INFO] info - info output
[2021-12-04T18:17:41.144] [INFO] info - ****数据库连接成功****
[2021-12-04T18:17:43.893] [INFO] info - info output
[2021-12-04T18:17:43.923] [INFO] info - ****数据库连接成功****
[2021-12-04T18:17:58.810] [INFO] info - get params:{}
[2021-12-04T18:17:58.811] [INFO] info - post params:{"userName":"aaa","userPwd":"aaaa"}
[2021-12-04T18:17:58.821] [INFO] info - res=null
[2021-12-04T18:22:51.170] [INFO] info - info output
[2021-12-04T18:22:51.198] [INFO] info - ****数据库连接成功****
[2021-12-04T18:22:55.653] [INFO] info - info output
[2021-12-04T18:22:55.685] [INFO] info - ****数据库连接成功****
[2021-12-04T18:22:57.923] [INFO] info - info output
[2021-12-04T18:22:57.948] [INFO] info - ****数据库连接成功****
[2021-12-04T18:23:05.651] [INFO] info - info output
[2021-12-04T18:23:05.670] [INFO] info - ****数据库连接成功****
[2021-12-04T18:23:23.167] [INFO] info - info output
[2021-12-04T18:23:23.193] [INFO] info - ****数据库连接成功****
[2021-12-04T18:23:26.505] [INFO] info - info output
[2021-12-04T18:23:26.528] [INFO] info - ****数据库连接成功****
[2021-12-04T18:23:29.835] [INFO] info - info output
[2021-12-04T18:23:29.864] [INFO] info - ****数据库连接成功****
[2021-12-04T18:23:34.858] [INFO] info - info output
[2021-12-04T18:23:34.881] [INFO] info - ****数据库连接成功****
[2021-12-04T18:23:40.790] [INFO] info - info output
[2021-12-04T18:23:40.811] [INFO] info - ****数据库连接成功****
[2021-12-04T18:23:46.623] [INFO] info - info output
[2021-12-04T18:23:46.655] [INFO] info - ****数据库连接成功****
[2021-12-04T18:52:59.912] [INFO] info - info output
[2021-12-04T18:52:59.929] [INFO] info - ****数据库连接成功****
[2021-12-04T18:53:10.511] [INFO] info - get params:{}
[2021-12-04T18:53:10.512] [INFO] info - post params:{"userName":"admin","userPwd":"admin"}
[2021-12-04T18:53:10.528] [INFO] info - res={
  _id: new ObjectId("619fadc9ed7706b6754dee8a"),
  state: '1',
  role: 0,
  roleList: [
    '60180b07b1eaed6c45fbebdb',
    '60150cb764de99631b2c3cd3',
    '60180b59b1eaed6c45fbebdc'
  ],
  deptId: [ '60167059c9027b7d2c520a61', '60167345c6a4417f2d27506f' ],
  userId: 1000002,
  userName: 'admin',
  userEmail: 'admin@imooc.com'
}
[2021-12-04T18:53:10.649] [INFO] info - get params:{}
[2021-12-04T18:53:10.650] [INFO] info - post params:{}
[2021-12-04T18:53:41.618] [INFO] info - get params:{}
[2021-12-04T18:53:41.619] [INFO] info - post params:{}
[2021-12-04T18:55:11.207] [INFO] info - info output
[2021-12-04T18:55:11.244] [INFO] info - ****数据库连接成功****
[2021-12-04T18:55:12.705] [INFO] info - info output
[2021-12-04T18:55:12.723] [INFO] info - ****数据库连接成功****
[2021-12-04T18:55:15.221] [INFO] info - get params:{}
[2021-12-04T18:55:15.222] [INFO] info - post params:{}
[2021-12-04T18:59:15.161] [INFO] info - info output
[2021-12-04T18:59:15.183] [INFO] info - ****数据库连接成功****
[2021-12-04T18:59:17.740] [INFO] info - get params:{}
[2021-12-04T18:59:17.742] [INFO] info - post params:{}
[2021-12-04T18:59:51.606] [INFO] info - get params:{}
[2021-12-04T18:59:51.607] [INFO] info - post params:{}
[2021-12-04T19:00:06.428] [INFO] info - get params:{}
[2021-12-04T19:00:06.429] [INFO] info - post params:{}
[2021-12-04T19:30:57.477] [INFO] info - get params:{}
[2021-12-04T19:30:57.478] [INFO] info - post params:{}
[2021-12-04T19:31:56.776] [INFO] info - get params:{}
[2021-12-04T19:31:56.777] [INFO] info - post params:{}
[2021-12-04T19:32:14.166] [INFO] info - get params:{}
[2021-12-04T19:32:14.167] [INFO] info - post params:{}
[2021-12-04T19:32:25.300] [INFO] info - get params:{}
[2021-12-04T19:32:25.300] [INFO] info - post params:{}
[2021-12-04T19:32:27.055] [INFO] info - get params:{}
[2021-12-04T19:32:27.056] [INFO] info - post params:{}
